-0.359019 -0.384584 -0.350984 -0.385968 0 0
-0.222054 -0.338151 -0.350984 -0.385968 0 0
-0.118944 -0.34813 -0.350984 -0.385968 0 0
-0.140575 -0.412812 -0.350984 -0.385968 0 0
0.114766 -0.353096 -0.350984 -0.385968 0 0
0.178156 -0.353349 -0.350984 -0.385968 0 0
0.266913 -0.372374 -0.350984 -0.385968 0 0
0.396449 -0.331595 -0.350984 -0.385968 0 0
0.351315 -0.333574 -0.350984 -0.385968 0 0
0.425315 -0.33678 -0.350984 -0.385968 0 0
0.523579 -0.415806 -0.350984 -0.385968 0 0
0.541276 -0.400599 -0.350984 -0.385968 0 0
-0.448432 -0.24636 -0.350984 -0.385968 0 0
-0.364128 -0.222683 -0.350984 -0.385968 0 0
-0.324667 -0.256816 -0.350984 -0.385968 0 0
-0.158845 -0.286737 -0.350984 -0.385968 0 0
-0.24776 -0.31544 -0.350984 -0.385968 0 0
-0.00908453 -0.268933 -0.350984 -0.385968 0 0
0.122045 -0.310834 -0.350984 -0.385968 0 0
0.0646219 -0.310955 -0.350984 -0.385968 0 0
0.163984 -0.305081 -0.350984 -0.385968 0 0
0.347447 -0.300191 -0.350984 -0.385968 0 0
0.429112 -0.301725 -0.350984 -0.385968 0 0
0.461936 -0.257292 -0.350984 -0.385968 0 0
0.578966 -0.25607 -0.350984 -0.385968 0 0
-0.419715 -0.197165 -0.350984 -0.385968 0 0
-0.326138 -0.203808 -0.350984 -0.385968 0 0
-0.298105 -0.207571 -0.350984 -0.385968 0 0
-0.164677 -0.162758 -0.350984 -0.385968 0 0
-0.206255 -0.197336 -0.350984 -0.385968 0 0
-0.153328 -0.166542 -0.350984 -0.385968 0 0
-0.0361657 -0.213606 -0.350984 -0.385968 0 0
-0.0284469 -0.190808 -0.350984 -0.385968 0 0
0.114989 -0.170582 -0.350984 -0.385968 0 0
0.0378796 -0.210998 -0.350984 -0.385968 0 0
0.337223 -0.136509 -0.350984 -0.385968 0 0
0.397016 -0.118789 -0.350984 -0.385968 0 0
0.429542 -0.172522 -0.350984 -0.385968 0 0
-0.481298 -0.0462785 -0.350984 -0.385968 0 0
-0.486909 -0.0256027 -0.350984 -0.385968 0 0
-0.400698 -0.0829759 -0.350984 -0.385968 0 0
-0.37259 -0.0394633 -0.350984 -0.385968 0 0
-0.259791 -0.0288015 -0.350984 -0.385968 0 0
-0.291782 -0.0327834 -0.350984 -0.385968 0 0
-0.194401 -0.0183345 -0.350984 -0.385968 0 0
-0.105589 -0.0141278 -0.350984 -0.385968 0 0
-0.0961096 -0.0573702 -0.350984 -0.385968 0 0
0.112223 -0.0653355 -0.350984 -0.385968 0 0
0.066154 -0.0102479 -0.350984 -0.385968 0 0
0.135017 -0.0167967 -0.350984 -0.385968 0 0
0.214052 -0.0468215 -0.350984 -0.385968 0 0
0.25795 -0.0866913 -0.350984 -0.385968 0 0
0.378508 -0.0417989 -0.350984 -0.385968 0 0
0.373103 -0.0121307 -0.350984 -0.385968 0 0
0.456663 -0.0192505 -0.350984 -0.385968 0 0
0.509387 -0.0108788 -0.350984 -0.385968 0 0
0.55144 -0.0257591 -0.350984 -0.385968 0 0
-0.447406 0.0278427 -0.350984 -0.385968 0 0
-0.478754 0.0836544 -0.350984 -0.385968 0 0
-0.430411 0.0658487 -0.350984 -0.385968 0 0
-0.278269 0.0773844 -0.350984 -0.385968 0 0
-0.225884 0.0592614 -0.350984 -0.385968 0 0
-0.163781 0.0773036 -0.350984 -0.385968 0 0
-0.0500147 0.0633618 -0.350984 -0.385968 0 0
0.0433493 0.0162885 -0.350984 -0.385968 0 0
0.208131 0.00904829 -0.350984 -0.385968 0 0
0.318946 0.0472615 -0.350984 -0.385968 0 0
0.416359 0.0943149 -0.350984 -0.385968 0 0
0.488264 0.0994234 -0.350984 -0.385968 0 0
0.527024 0.087897 -0.350984 -0.385968 0 0
-0.442949 0.109146 -0.350984 -0.385968 0 0
-0.439078 0.139446 -0.350984 -0.385968 0 0
-0.313775 0.166343 -0.350984 -0.385968 0 0
-0.178592 0.112843 -0.350984 -0.385968 0 0
-0.159451 0.135846 -0.350984 -0.385968 0 0
-0.00555809 0.170972 -0.350984 -0.385968 0 0
-0.0248988 0.174966 -0.350984 -0.385968 0 0
0.0436876 0.141296 -0.350984 -0.385968 0 0
0.0459613 0.18904 -0.350984 -0.385968 0 0
0.302275 0.205042 -0.350984 -0.385968 0 0
0.273211 0.202612 -0.350984 -0.385968 0 0
0.381772 0.208323 -0.350984 -0.385968 0 0
0.40473 0.189183 -0.350984 -0.385968 0 0
0.447778 0.183977 -0.350984 -0.385968 0 0
-0.498529 0.278103 -0.350984 -0.385968 0 0
-0.313451 0.257101 -0.350984 -0.385968 0 0
-0.222922 0.277916 -0.350984 -0.385968 0 0
-0.196493 0.251913 -0.350984 -0.385968 0 0
-0.147592 0.268197 -0.350984 -0.385968 0 0
-0.130506 0.285257 -0.350984 -0.385968 0 0
0.0794734 0.270829 -0.350984 -0.385968 0 0
0.113437 0.230953 -0.350984 -0.385968 0 0
0.19785 0.214687 -0.350984 -0.385968 0 0
0.263917 0.300477 -0.350984 -0.385968 0 0
0.308151 0.21481 -0.350984 -0.385968 0 0
0.393774 0.297028 -0.350984 -0.385968 0 0
0.434598 0.272748 -0.350984 -0.385968 0 0
0.53995 0.29608 -0.350984 -0.385968 0 0
-0.453595 0.400141 -0.350984 -0.385968 0 0
-0.453311 0.354989 -0.350984 -0.385968 0 0
-0.362263 0.31687 -0.350984 -0.385968 0 0
-0.356522 0.385494 -0.350984 -0.385968 0 0
-0.253093 0.368668 -0.350984 -0.385968 0 0
-0.211397 0.377357 -0.350984 -0.385968 0 0
-0.0829749 0.405171 -0.350984 -0.385968 0 0
0.00129714 0.408835 -0.350984 -0.385968 0 0
0.129723 0.376728 -0.350984 -0.385968 0 0
0.127657 0.396118 -0.350984 -0.385968 0 0
0.240955 0.334832 -0.350984 -0.385968 0 0
0.281822 0.403015 -0.350984 -0.385968 0 0
0.372958 0.358486 -0.350984 -0.385968 0 0
0.464253 0.389408 -0.350984 -0.385968 0 0
0.568659 0.382533 -0.350984 -0.385968 0 0
-0.453344 -0.401795 -0.350984 -0.385968 0 0
-0.521829 -0.40523 -0.350984 -0.385968 1.01478 1
-0.416085 -0.371707 -0.350984 -0.385968 0 0
-0.307228 -0.394084 -0.350984 -0.385968 0 0
0.0223748 -0.32339 -0.350984 -0.385968 0 0
0.290842 -0.315181 -0.350984 -0.385968 0 0
0.305751 -0.289535 -0.350984 -0.385968 0 0
-0.464202 -0.143284 -0.350984 -0.385968 0 0
0.205095 -0.163825 -0.350984 -0.385968 0 0
0.235963 -0.16182 -0.350984 -0.385968 0 0
-0.0506219 -0.00876166 -0.350984 -0.385968 0 0
-0.124556 0.0908947 -0.350984 -0.385968 0 0
0.00475289 0.0437549 -0.350984 -0.385968 0 0
0.0488337 0.0911668 -0.350984 -0.385968 0 0
0.1424 0.0311515 -0.350984 -0.385968 0 0
0.299169 0.0926278 -0.350984 -0.385968 0 0
-0.274776 0.184542 -0.350984 -0.385968 0 0
0.212713 0.191249 -0.350984 -0.385968 0 0
0.129713 0.142166 -0.350984 -0.385968 0 0
0.514635 0.192846 -0.350984 -0.385968 0 0
-0.449105 0.285557 -0.350984 -0.385968 0 0
-0.414104 0.254588 -0.350984 -0.385968 0 0
-0.0228076 0.249784 -0.350984 -0.385968 0 0
-0.10083 0.355495 -0.350984 -0.385968 0 0
0.394949 0.376418 -0.350984 -0.385968 0 0
-0.0636944 -0.398022 -0.350984 -0.385968 0 0
-0.530639 -0.140962 -0.350984 -0.385968 0 0
-0.0337955 -0.0419377 -0.350984 -0.385968 0 0
-0.483492 0.104819 -0.350984 -0.385968 0 0
0.012679 0.269625 -0.350984 -0.385968 0 0
0.521171 0.379211 -0.350984 -0.385968 0 0
-0.203095 -0.321519 -0.350984 -0.385968 0 0
-0.00287441 -0.331305 -0.350984 -0.385968 0 0
0.267925 -0.328719 -0.350984 -0.385968 0 0
-0.464051 -0.263212 -0.350984 -0.385968 0 0
-0.18559 -0.288993 -0.350984 -0.385968 0 0
0.0233239 -0.23404 -0.350984 -0.385968 0 0
-0.193216 -0.156215 -0.350984 -0.385968 0 0
0.418118 -0.0632037 -0.350984 -0.385968 0 0
-0.513081 0.0920525 -0.350984 -0.385968 0 0
-0.310749 0.0100807 -0.350984 -0.385968 0 0
-0.230897 0.0861851 -0.350984 -0.385968 0 0
-0.480618 0.143641 -0.350984 -0.385968 0 0
0.574308 0.187184 -0.350984 -0.385968 0 0
-0.331538 0.237582 -0.350984 -0.385968 0 0
0.0658335 0.393904 -0.350984 -0.385968 0 0
-0.501081 -0.400939 -0.350984 -0.385968 1.01478 1
0.0749755 -0.381918 -0.350984 -0.385968 0 0
-0.122906 -0.2792 -0.350984 -0.385968 0 0
-0.0792852 -0.204833 -0.350984 -0.385968 0 0
0.0215187 -0.0691536 -0.350984 -0.385968 0 0
0.120894 0.0721695 -0.350984 -0.385968 0 0
0.145674 0.188688 -0.350984 -0.385968 0 0
-0.476355 0.260299 -0.350984 -0.385968 0 0
0.225968 0.29601 -0.350984 -0.385968 0 0
0.311429 -0.390427 -0.350984 -0.385968 0 0
-0.522857 -0.234236 -0.350984 -0.385968 0.929611 1
0.480952 -0.306617 -0.350984 -0.385968 0 0
-0.522857 -0.198046 -0.350984 -0.385968 0 0
0.128571 -0.144712 -0.350984 -0.385968 0 0
0.298095 -0.20376 -0.350984 -0.385968 0 0
-0.399048 -0.0456648 -0.350984 -0.385968 0 0
0.206667 0.0781448 -0.350984 -0.385968 0 0
0.421905 0.0514781 -0.350984 -0.385968 0 0
-0.330476 0.108621 -0.350984 -0.385968 0 0
-0.200952 0.175288 -0.350984 -0.385968 0 0
-0.092381 0.221002 -0.350984 -0.385968 0 0
0.372381 0.283859 -0.350984 -0.385968 0 0
0.307619 0.386716 -0.350984 -0.385968 0 0
