0.252080 0.383005 0.239660 0.382909 0.000000 0.000000
0.210364 0.385151 0.198216 0.385039 0.000000 0.000000
0.077263 0.376679 0.065318 0.376646 0.000000 0.000000
0.081428 0.361902 0.069500 0.361935 0.000000 0.000000
-0.110020 0.329667 -0.122016 0.329556 0.000000 0.000000
-0.093099 0.337018 -0.105265 0.337269 0.000000 0.000000
-0.330220 0.318271 -0.342927 0.318479 0.000000 0.000000
-0.352802 0.316192 -0.365878 0.316468 0.000000 0.000000
-0.539831 0.310844 -0.554336 0.310996 0.000000 0.000000
-0.501257 0.355067 -0.515645 0.355355 0.000000 0.000000
0.255112 0.255263 0.242795 0.255698 0.000000 0.000000
0.205529 0.238226 0.193478 0.238685 0.000000 0.000000
0.167889 0.239121 0.156042 0.239553 0.000000 0.000000
0.098891 0.259292 0.087032 0.259538 0.000000 0.000000
-0.068036 0.298570 -0.080008 0.298868 0.000000 0.000000
-0.087803 0.295408 -0.099968 0.295620 0.000000 0.000000
-0.219956 0.255095 -0.232296 0.255328 0.000000 0.000000
-0.220045 0.269062 -0.232344 0.269266 0.000000 0.000000
-0.344291 0.295210 -0.357504 0.295496 0.000000 0.000000
-0.354029 0.295195 -0.367227 0.295465 0.000000 0.000000
-0.458250 0.255900 -0.472115 0.255973 0.000000 0.000000
0.219496 0.141253 0.207434 0.142260 5.559478 1.000000
0.241981 0.140745 0.229785 0.141492 5.589310 1.000000
0.131819 0.142085 0.119904 0.142744 5.676204 1.000000
0.073430 0.144421 0.061568 0.145132 5.733454 1.000000
-0.059689 0.150768 -0.071443 0.151121 5.770178 1.000000
-0.037255 0.145949 -0.049011 0.146501 5.770178 1.000000
-0.194657 0.175600 -0.206857 0.175932 0.000000 0.000000
-0.342643 0.151760 -0.356102 0.151618 0.000000 0.000000
-0.393268 0.097340 -0.406940 0.097079 0.000000 0.000000
0.161790 0.079743 0.150184 0.080465 5.184459 1.000000
0.028777 0.020088 0.017272 0.021045 3.756350 1.000000
0.077235 0.064629 0.065618 0.065289 4.195682 1.000000
-0.031948 0.006398 -0.043879 0.007299 3.120915 1.000000
-0.115951 -0.007234 -0.127967 -0.006894 0.000000 0.000000
-0.252518 0.048652 -0.264766 0.048924 0.000000 0.000000
-0.306681 -0.012558 -0.319211 -0.012718 3.485456 1.000000
-0.464420 0.014145 -0.478691 0.013615 3.861934 1.000000
0.202739 -0.025075 0.190676 -0.023228 3.306315 1.000000
0.184490 -0.063722 0.172683 -0.062308 3.059538 1.000000
0.053886 -0.016487 0.042192 -0.015598 3.595406 1.000000
-0.065847 -0.087626 -0.077450 -0.087127 3.033692 1.000000
-0.013273 -0.067888 -0.024802 -0.067323 3.134448 1.000000
-0.288026 -0.126547 -0.300933 -0.126971 2.898099 1.000000
-0.392348 -0.100425 -0.406221 -0.100935 3.034908 1.000000
-0.529672 -0.123751 -0.544543 -0.124937 2.876804 1.000000
0.192911 -0.140171 0.181150 -0.138647 2.558358 1.000000
0.091948 -0.119813 0.080322 -0.118643 2.741155 1.000000
-0.054990 -0.199639 -0.066489 -0.199079 2.387826 1.000000
-0.128196 -0.194941 -0.140169 -0.194823 2.447551 1.000000
-0.229899 -0.204087 -0.242080 -0.204626 2.415436 1.000000
-0.212461 -0.207110 -0.224733 -0.207517 2.393385 1.000000
-0.465814 -0.188870 -0.479853 -0.190213 2.520236 1.000000
-0.464995 -0.235557 -0.478911 -0.237260 2.391596 1.000000
0.164015 -0.262669 0.152272 -0.260845 2.069908 1.000000
0.177789 -0.253516 0.165999 -0.251661 2.071830 1.000000
0.074350 -0.260277 0.062779 -0.259029 2.110284 1.000000
0.042257 -0.250311 0.030668 -0.249776 2.149733 1.000000
-0.015194 -0.286096 -0.026581 -0.285628 2.037249 1.000000
-0.075179 -0.293966 -0.086762 -0.293703 2.033423 1.000000
-0.226844 -0.324108 -0.238969 -0.324913 1.971292 1.000000
-0.208949 -0.269168 -0.220990 -0.269608 2.149925 1.000000
-0.363261 -0.320607 -0.376543 -0.322575 1.990851 1.000000
-0.449224 -0.270204 -0.462908 -0.272125 2.177233 1.000000
-0.539375 -0.379182 -0.554006 -0.382435 1.853980 1.000000
0.200243 -0.391534 0.188507 -0.389275 1.709800 1.000000
0.199811 -0.348310 0.188094 -0.346190 1.817075 1.000000
0.066135 -0.361082 0.054753 -0.359848 1.802920 1.000000
-0.019328 -0.418782 -0.030710 -0.418323 1.688208 1.000000
-0.144021 -0.388161 -0.155741 -0.388345 1.780013 1.000000
-0.331736 -0.373112 -0.344340 -0.374220 1.818663 1.000000
-0.514076 -0.413742 -0.528312 -0.416657 1.762876 1.000000
-0.254077 -0.041149 -0.266669 -0.041195 3.365565 1.000000
-0.174100 -0.020749 -0.186327 -0.020640 3.129134 1.000000
-0.470150 0.256002 -0.484039 0.256074 0.000000 0.000000
-0.193134 0.175208 -0.205325 0.175498 0.000000 0.000000
-0.363080 -0.106274 -0.376095 -0.106831 2.958250 1.000000
0.092934 -0.172272 0.081295 -0.171264 2.454275 1.000000
-0.002592 0.325423 -0.014213 0.325609 0.000000 0.000000
0.299079 0.072884 0.286512 0.074380 5.485172 1.000000
-0.149334 0.045278 -0.161313 0.045688 0.000000 0.000000
-0.349824 0.040563 -0.363245 0.040408 0.000000 0.000000
-0.467914 0.104385 -0.482098 0.104118 0.000000 0.000000
0.301087 0.072359 0.288520 0.073860 5.475906 1.000000
0.045501 0.259700 0.033748 0.260225 0.000000 0.000000
0.322304 -0.049520 0.309638 -0.047472 3.022394 1.000000
0.324214 -0.049783 0.311626 -0.047745 3.027858 1.000000
-0.226830 0.318749 -0.239393 0.318887 0.000000 0.000000
0.353475 0.236523 0.340590 0.237100 5.190848 1.000000
0.321176 0.268012 0.308394 0.268607 0.000000 0.000000
0.295569 -0.136859 0.283361 -0.134674 2.528325 1.000000
0.339136 -0.239424 0.326849 -0.236375 2.092739 1.000000
0.325844 -0.230876 0.313437 -0.228077 2.111672 1.000000
-0.126209 -0.255500 -0.138072 -0.255486 2.159194 1.000000
-0.256625 -0.413656 -0.268782 -0.414493 1.789462 1.000000
0.310179 0.137040 0.297541 0.138337 5.308067 1.000000
0.351894 0.326991 0.338886 0.327056 0.000000 0.000000
0.291419 -0.401216 0.279473 -0.398269 1.672343 1.000000
0.319131 -0.356198 0.306748 -0.353184 1.655699 1.000000
0.351496 0.327747 0.338548 0.327818 0.000000 0.000000
0.381616 0.125879 0.368622 0.127255 5.183886 1.000000
0.356997 -0.169780 0.344311 -0.167401 2.322388 1.000000
0.387471 -0.169241 0.374626 -0.166352 2.331269 1.000000
0.409690 0.241943 0.396332 0.242639 0.000000 0.000000
-0.556077 0.272015 -0.570657 0.272020 0.000000 0.000000
-0.475554 -0.084931 -0.489717 -0.085826 3.157318 1.000000
0.408388 -0.083959 0.395349 -0.081937 2.776513 1.000000
-0.052079 -0.394612 -0.063471 -0.394294 1.747339 1.000000
-0.016646 -0.205805 -0.028194 -0.205281 2.347636 1.000000
0.436322 -0.386507 0.423477 -0.382887 1.683391 1.000000
0.083599 -0.409693 0.072049 -0.408059 1.691867 1.000000
0.453877 0.320196 0.439942 0.320312 0.000000 0.000000
0.186335 -0.195411 0.174276 -0.193408 2.298545 1.000000
-0.184838 -0.390967 -0.196631 -0.391618 1.788312 1.000000
0.417812 0.143967 0.404419 0.145004 5.183886 1.000000
0.481685 0.036278 0.468084 0.038588 0.000000 0.000000
0.484107 0.002775 0.470083 0.005304 0.000000 0.000000
0.480566 -0.356994 0.467477 -0.353241 1.746261 1.000000
0.474118 -0.156473 0.460615 -0.153332 2.357010 1.000000
-0.433519 -0.383457 -0.447034 -0.385757 1.839097 1.000000
0.476124 0.227237 0.462316 0.228314 0.000000 0.000000
-0.468911 0.105195 -0.483195 0.104912 0.000000 0.000000
-0.151569 0.046048 -0.163466 0.046493 0.000000 0.000000
0.444083 0.373869 0.430304 0.373636 0.000000 0.000000
-0.140588 0.330938 -0.152460 0.331214 0.000000 0.000000
-0.442724 0.359982 -0.456788 0.360460 0.000000 0.000000
0.452853 0.281206 0.438948 0.281294 0.000000 0.000000
-0.000249 0.145958 -0.011743 0.146492 5.883374 1.000000
-0.238708 0.046793 -0.250955 0.047031 0.000000 0.000000
0.406032 -0.083877 0.392776 -0.081900 2.777415 1.000000
-0.467044 -0.189057 -0.481128 -0.190391 2.519382 1.000000
0.490239 -0.221320 0.476746 -0.217856 2.120686 1.000000
0.405888 -0.214630 0.393049 -0.211516 2.154821 1.000000
-0.382156 -0.348516 -0.395215 -0.350415 1.920916 1.000000
0.503478 0.136573 0.489451 0.137955 0.000000 0.000000
0.537356 -0.093219 0.523526 -0.090224 2.758541 1.000000
0.535605 -0.041128 0.521223 -0.037902 2.758541 1.000000
0.137979 -0.013984 0.125853 -0.012451 3.174303 1.000000
0.415581 -0.222657 0.402774 -0.219520 2.124547 1.000000
0.513890 -0.376841 0.500416 -0.372848 1.697971 1.000000
0.503810 0.322857 0.489367 0.322962 0.000000 0.000000
-0.442857 0.360952 -0.456859 0.361249 0.000000 0.000000
-0.149524 0.214286 -0.161509 0.214711 0.000000 0.000000
-0.100000 0.267619 -0.112056 0.267983 0.000000 0.000000
0.486667 0.147619 0.472448 0.149113 0.000000 0.000000
0.160952 0.136190 0.149048 0.136876 5.146719 1.000000
-0.341905 0.153333 -0.355384 0.153151 0.000000 0.000000
0.425714 0.100000 0.412445 0.101517 0.000000 0.000000
-0.071429 0.046667 -0.083322 0.047059 0.000000 0.000000
-0.513333 0.056190 -0.527972 0.055553 0.000000 0.000000
0.496190 -0.267619 0.482629 -0.264076 1.979757 1.000000
0.242857 -0.225714 0.230808 -0.223851 2.162811 1.000000
-0.545714 -0.252381 -0.560607 -0.254884 2.233847 1.000000
0.115238 -0.399048 0.103723 -0.397723 1.710980 1.000000
