1385741763.359421 0 0.000000 -0.540000 -0.391429 -0.355733 -0.398209 -0.099890 -0.009580  0.030343 -0.001491 -0.064515 -0.021949 0.997674
1385741763.390883 0 0.000000 -0.540000 -0.391429 -0.346361 -0.396382 -0.106160 -0.010294  0.030593 -0.000731 -0.068207 -0.022506 0.997417
1385741763.423029 0 0.000000 -0.540000 -0.391429 -0.336522 -0.394395 -0.111804 -0.009142  0.030962 -0.000331 -0.072112 -0.023341 0.997123
1385741763.458864 0 -0.197005 -0.540000 -0.391429 -0.326339 -0.394245 -0.115239 -0.011995  0.031868 -0.000508 -0.076508 -0.024422 0.996770
1385741763.491108 0 -0.194608 -0.540000 -0.391429 -0.315931 -0.392880 -0.119944 -0.012153  0.032164 0.000238 -0.080287 -0.025561 0.996444
1385741763.527102 0 0.000000 -0.540000 -0.391429 -0.306301 -0.391902 -0.125590 -0.012966  0.032332 0.000555 -0.083984 -0.026755 0.996108
1385741763.558934 0 0.000000 -0.540000 -0.391429 -0.296320 -0.390471 -0.132072 -0.014688  0.032716 0.000940 -0.087906 -0.027585 0.995746
1385741763.590697 0 0.000000 -0.540000 -0.391429 -0.285364 -0.388415 -0.135832 -0.013367  0.032452 0.001667 -0.092511 -0.028514 0.995302
1385741763.658629 0 0.000000 -0.540000 -0.391429 -0.274082 -0.388464 -0.140892 -0.017993  0.033977 0.001239 -0.096987 -0.030013 0.994832
1385741763.690890 0 0.000000 -0.540000 -0.391429 -0.252080 -0.383005 -0.150222 -0.015033  0.034464 0.003642 -0.105969 -0.031983 0.993848
1385741763.726707 0 0.000000 -0.540000 -0.391429 -0.239660 -0.382909 -0.153498 -0.013062  0.035555 0.003522 -0.111239 -0.033396 0.993226
1385741763.758854 0 -0.163989 -0.540000 -0.391429 -0.227504 -0.384007 -0.155401 -0.015057  0.037291 0.003065 -0.116393 -0.034809 0.992588
1385741763.790806 0 -0.156665 -0.540000 -0.391429 -0.216357 -0.384125 -0.156977 -0.015240  0.038462 0.002741 -0.120941 -0.036330 0.991991
1385741763.826729 0 0.000000 -0.540000 -0.391429 -0.205787 -0.384706 -0.158498 -0.015296  0.040090 0.002545 -0.125389 -0.037485 0.991396
1385741763.858902 0 0.000000 -0.540000 -0.391429 -0.196015 -0.385405 -0.161230 -0.016637  0.042521 0.002008 -0.129445 -0.038544 0.990835
1385741763.894834 0 -0.140091 -0.540000 -0.391429 -0.186273 -0.385185 -0.165035 -0.020333  0.044788 0.001907 -0.133553 -0.039469 0.990254
1385741763.927298 0 0.000000 -0.540000 -0.391429 -0.176251 -0.382596 -0.168531 -0.021674  0.046399 0.002827 -0.137796 -0.040167 0.989642
1385741763.958834 0 -0.133031 -0.540000 -0.391429 -0.165421 -0.379747 -0.172962 -0.020974  0.047473 0.003820 -0.142372 -0.041138 0.988951
1385741763.994741 0 0.000000 -0.540000 -0.391429 -0.153828 -0.378468 -0.176666 -0.020648  0.049100 0.004266 -0.147428 -0.042057 0.988169
1385741764.026744 0 0.000000 -0.540000 -0.391429 -0.141976 -0.378006 -0.178794 -0.018265  0.050196 0.004439 -0.152812 -0.042889 0.987314
1385741764.059000 0 0.000000 -0.540000 -0.391429 -0.129545 -0.379445 -0.180458 -0.018990  0.052103 0.003514 -0.158316 -0.044081 0.986398
1385741764.094715 0 0.000000 -0.540000 -0.391429 -0.118145 -0.381362 -0.183732 -0.016477  0.053567 0.002756 -0.163307 -0.045160 0.985537
1385741764.126740 0 0.000000 -0.540000 -0.391429 -0.106201 -0.385249 -0.185638 -0.015225  0.055607 0.000983 -0.168607 -0.046949 0.984564
1385741764.163191 0 -0.104361 -0.540000 -0.391429 -0.093504 -0.390369 -0.191420 -0.017597  0.057677 -0.001238 -0.173527 -0.049659 0.983575
1385741764.194730 0 0.000000 -0.540000 -0.391429 -0.079804 -0.393863 -0.198802 -0.018714  0.059027 -0.002594 -0.179204 -0.051628 0.982453
1385741764.226793 0 0.000000 -0.540000 -0.391429 -0.064793 -0.395798 -0.200743 -0.018914  0.061030 -0.003306 -0.185722 -0.052962 0.981168
1385741764.262765 0 0.000000 -0.540000 -0.391429 -0.050834 -0.396924 -0.205849 -0.020800  0.062787 -0.004131 -0.191980 -0.053919 0.979908
1385741764.294923 0 -0.090616 -0.540000 -0.391429 -0.035800 -0.397019 -0.210614 -0.022562  0.064365 -0.004385 -0.198650 -0.054495 0.978544
1385741764.330746 0 0.000000 -0.540000 -0.391429 -0.020598 -0.395517 -0.213990 -0.023741  0.066042 -0.004021 -0.205853 -0.055189 0.977017
1385741764.362806 0 -0.079270 -0.540000 -0.391429 -0.004983 -0.393647 -0.216182 -0.023655  0.067650 -0.003362 -0.212867 -0.056514 0.975440
1385741764.394928 0 -0.076852 -0.540000 -0.391429 0.010338 -0.392920 -0.222166 -0.020920  0.068255 -0.003166 -0.219222 -0.058128 0.973937
1385741764.430943 0 -0.073688 -0.540000 -0.391429 0.027114 -0.393164 -0.227037 -0.025202  0.069532 -0.003700 -0.226795 -0.058887 0.972154
1385741764.462680 0 0.000000 -0.540000 -0.391429 0.043572 -0.391285 -0.226861 -0.025825  0.072134 -0.003059 -0.234366 -0.060066 0.970286
1385741764.498778 0 0.000000 -0.540000 -0.391429 0.059133 -0.390011 -0.227247 -0.028747  0.075121 -0.002457 -0.241172 -0.062130 0.968488
1385741764.530640 0 -0.053843 -0.540000 -0.391429 0.073912 -0.387783 -0.229545 -0.031682  0.077166 -0.001446 -0.246968 -0.064080 0.966902
1385741764.562746 0 -0.048692 -0.540000 -0.391429 0.086806 -0.384581 -0.230976 -0.033335  0.079446 -0.000102 -0.252602 -0.065011 0.965384
1385741764.598808 0 -0.043460 -0.540000 -0.391429 0.099166 -0.381207 -0.231680 -0.033149  0.081295 0.001416 -0.258017 -0.065628 0.963908
1385741764.630639 0 -0.038922 -0.540000 -0.391429 0.110933 -0.378756 -0.232493 -0.032493  0.082788 0.002431 -0.263134 -0.066439 0.962466
1385741764.666747 0 0.000000 -0.540000 -0.391429 0.122444 -0.377880 -0.232749 -0.031780  0.084514 0.002829 -0.268183 -0.067511 0.960995
1385741764.698737 0 -0.029581 -0.540000 -0.391429 0.134243 -0.378184 -0.232794 -0.032261  0.086405 0.002771 -0.273134 -0.069233 0.959477
1385741764.730963 0 0.000000 -0.540000 -0.391429 0.146023 -0.378417 -0.234667 -0.034422  0.087787 0.002867 -0.277827 -0.071003 0.957999
1385741764.766763 0 -0.022371 -0.540000 -0.391429 0.157710 -0.377661 -0.234596 -0.034131  0.089279 0.003405 -0.282753 -0.072592 0.956436
1385741764.798728 0 -0.019139 -0.540000 -0.391429 0.169357 -0.377725 -0.235995 -0.033883  0.090543 0.003471 -0.287367 -0.074426 0.954918
1385741764.834800 0 0.000000 -0.540000 -0.391429 0.181248 -0.378125 -0.237156 -0.035383  0.091633 0.003446 -0.292280 -0.076023 0.953300
1385741764.866726 0 0.000000 -0.540000 -0.391429 0.193399 -0.377795 -0.239581 -0.035954  0.092161 0.003575 -0.297069 -0.077391 0.951708
1385741764.935727 0 0.000000 -0.540000 -0.391429 0.205911 -0.377462 -0.241616 -0.036095  0.092388 0.003852 -0.302270 -0.078641 0.949965
1385741764.967575 0 -0.007921 -0.540000 -0.391429 0.232829 -0.377084 -0.246244 -0.036105  0.091890 0.004379 -0.313266 -0.081298 0.946169
1385741765.002914 0 -0.006590 -0.540000 -0.391429 0.247145 -0.377126 -0.249278 -0.036816  0.091329 0.004303 -0.318885 -0.082481 0.944188
1385741765.034791 0 -0.004487 -0.540000 -0.391429 0.261545 -0.377164 -0.250953 -0.039699  0.091301 0.004165 -0.324924 -0.083341 0.942052
1385741765.066820 0 0.000000 -0.540000 -0.391429 0.275772 -0.376299 -0.252878 -0.041086  0.090905 0.004686 -0.330582 -0.084290 0.939994
1385741765.102913 0 0.000000 -0.540000 -0.391429 0.289641 -0.374743 -0.254817 -0.042798  0.091311 0.005576 -0.336008 -0.085467 0.937957
1385741765.135063 0 0.002241 -0.540000 -0.391429 0.302888 -0.371850 -0.255946 -0.044340  0.091359 0.006888 -0.341165 -0.087574 0.935890
1385741765.170949 0 0.000000 -0.540000 -0.391429 0.316343 -0.368390 -0.259871 -0.045723  0.090129 0.008488 -0.345743 -0.089856 0.933978
1385741765.202831 0 0.000000 -0.540000 -0.391429 0.329221 -0.364140 -0.262005 -0.050715  0.090281 0.010122 -0.350857 -0.090846 0.931957
1385741765.234975 0 0.000000 -0.540000 -0.391429 0.341032 -0.357490 -0.259835 -0.047923  0.090706 0.013287 -0.355960 -0.091303 0.929935
1385741765.270928 0 0.009708 -0.540000 -0.391429 0.352086 -0.353885 -0.262015 -0.048174  0.089639 0.014882 -0.360220 -0.091732 0.928227
1385741765.302842 0 0.000000 -0.540000 -0.391429 0.363156 -0.350976 -0.262737 -0.048336  0.089592 0.015919 -0.364734 -0.091804 0.926438
1385741765.334784 0 0.000000 -0.540000 -0.391429 0.373979 -0.348968 -0.263650 -0.048438  0.089248 0.016925 -0.369137 -0.091666 0.924689
1385741765.373143 0 0.000000 -0.540000 -0.391429 0.384948 -0.347463 -0.264239 -0.047977  0.088770 0.017724 -0.373494 -0.091540 0.922935
1385741765.403470 0 0.018149 -0.540000 -0.391429 0.395581 -0.347146 -0.263894 -0.046113  0.088908 0.017871 -0.377673 -0.091841 0.921200
1385741765.434930 0 0.009363 -0.540000 -0.391429 0.405976 -0.348569 -0.264832 -0.046385  0.088893 0.017422 -0.381605 -0.092428 0.919528
1385741765.473270 0 0.020231 -0.540000 -0.391429 0.416765 -0.350029 -0.266544 -0.045731  0.087648 0.016959 -0.385403 -0.093237 0.917869
1385741765.502757 0 0.000000 -0.540000 -0.391429 0.428112 -0.351984 -0.266969 -0.046983  0.087877 0.016392 -0.389616 -0.094292 0.915991
1385741765.538902 0 0.000000 -0.540000 -0.391429 0.439226 -0.352357 -0.270339 -0.047847  0.086119 0.016268 -0.392975 -0.095474 0.914435
1385741765.570840 0 0.000000 -0.540000 -0.391429 0.450202 -0.352336 -0.272171 -0.050350  0.085457 0.016364 -0.397073 -0.095934 0.912613
1385741765.602791 0 0.000000 -0.540000 -0.391429 0.460988 -0.351050 -0.272470 -0.047624  0.084741 0.017234 -0.400666 -0.097348 0.910875
1385741765.638893 0 0.000000 -0.540000 -0.391429 0.472123 -0.351216 -0.277009 -0.050436  0.083116 0.017126 -0.404101 -0.098910 0.909190
1385741765.670923 0 0.025438 -0.540000 -0.391429 0.483063 -0.349954 -0.277073 -0.048631  0.083046 0.018239 -0.407904 -0.100462 0.907298
1385741765.702971 0 0.014720 -0.540000 -0.391429 0.493841 -0.348713 -0.281567 -0.050328  0.080764 0.018622 -0.411121 -0.101937 0.905672
1385741765.738740 0 0.000000 -0.540000 -0.391429 0.505052 -0.346688 -0.285370 -0.051919  0.078749 0.019318 -0.414651 -0.102973 0.903929
1385741765.771051 0 0.000000 -0.540000 -0.391429 0.516087 -0.344461 -0.286354 -0.049039  0.077491 0.020568 -0.418541 -0.103614 0.902034
1385741765.802733 0 0.000000 -0.540000 -0.391429 0.527531 -0.343973 -0.290147 -0.050109  0.075733 0.020668 -0.422130 -0.105030 0.900193
1385741765.838743 0 0.000000 -0.540000 -0.391429 0.539216 -0.342595 -0.291131 -0.048113  0.074369 0.021564 -0.425952 -0.106208 0.898231
