1385741763.359421 0 7.023782 0.540000 0.391429 0.355733 0.398209 0.100651 0.007736 0.030722 0.005448 0.129629 -0.043880
1385741763.390883 0 7.026725 0.540000 0.391429 0.346361 0.396382 0.108300 0.009391 0.031030 0.004588 0.136482 -0.044950
1385741763.423029 0 6.982183 0.540000 0.391429 0.336522 0.394395 0.115062 0.007386 0.031199 0.003761 0.143832 -0.046476
1385741763.458864 0 7.134217 0.540000 0.391429 0.326339 0.394245 0.121009 0.010051 0.032087 0.004485 0.151697 -0.048681
1385741763.491108 0 6.897257 0.540000 0.391429 0.315931 0.392880 0.126551 0.010935 0.032296 0.003684 0.159003 -0.051168
1385741763.527102 0 6.911621 0.540000 0.391429 0.306301 0.391902 0.133255 0.011214 0.032342 0.003254 0.166011 -0.053627
1385741763.558934 0 6.889057 0.540000 0.391429 0.296320 0.390471 0.140979 0.013430 0.032463 0.003078 0.173359 -0.055418
1385741763.590697 0 6.819719 0.540000 0.391429 0.285364 0.388415 0.146273 0.012417 0.032120 0.002184 0.181945 -0.057058
1385741763.658629 0 6.759417 0.540000 0.391429 0.274082 0.388464 0.153219 0.016617 0.033597 0.003468 0.190213 -0.060217
1385741763.690890 0 6.794092 0.540000 0.391429 0.252080 0.383005 0.163919 0.014364 0.033612 -0.000050 0.207811 -0.064429
1385741763.726707 0 6.775352 0.540000 0.391429 0.239660 0.382909 0.168539 0.011054 0.034208 0.000266 0.217893 -0.067393
1385741763.758854 0 6.682547 0.540000 0.391429 0.227504 0.384007 0.171164 0.012853 0.035963 0.001827 0.227963 -0.069937
1385741763.790806 0 6.570343 0.540000 0.391429 0.216357 0.384125 0.173173 0.011427 0.037012 0.002543 0.236983 -0.072873
1385741763.826729 0 6.429909 0.540000 0.391429 0.205787 0.384706 0.175806 0.010438 0.038436 0.003152 0.245546 -0.075265
1385741763.858902 0 6.337350 0.540000 0.391429 0.196015 0.385405 0.178668 0.011236 0.040957 0.004610 0.253656 -0.077210
1385741763.894834 0 6.248337 0.540000 0.391429 0.186273 0.385185 0.184219 0.015459 0.042930 0.005670 0.261238 -0.079140
1385741763.927298 0 6.231962 0.540000 0.391429 0.176251 0.382596 0.188402 0.017199 0.044404 0.004590 0.269655 -0.080921
1385741763.958834 0 6.201527 0.540000 0.391429 0.165421 0.379747 0.193741 0.016349 0.045020 0.003200 0.278531 -0.083071
1385741763.994741 0 6.230966 0.540000 0.391429 0.153828 0.378468 0.197517 0.015826 0.046679 0.002976 0.288787 -0.085062
1385741764.026744 0 6.204675 0.540000 0.391429 0.141976 0.378006 0.200514 0.012345 0.047330 0.002912 0.299313 -0.086820
1385741764.059000 0 6.150693 0.540000 0.391429 0.129545 0.379445 0.202417 0.012772 0.049156 0.005508 0.310273 -0.088881
1385741764.094715 0 6.114389 0.540000 0.391429 0.118145 0.381362 0.205899 0.010103 0.050350 0.007758 0.320206 -0.090700
1385741764.126740 0 6.086618 0.540000 0.391429 0.106201 0.385249 0.208633 0.007304 0.052433 0.011828 0.330453 -0.093433
1385741764.163191 0 6.026884 0.540000 0.391429 0.093504 0.390369 0.215147 0.009206 0.054400 0.017460 0.339837 -0.097956
1385741764.194730 0 6.104622 0.540000 0.391429 0.079804 0.393863 0.222569 0.010449 0.055944 0.021525 0.351243 -0.101273
1385741764.226793 0 5.974350 0.540000 0.391429 0.064793 0.395798 0.224719 0.010528 0.058125 0.024102 0.364352 -0.103508
1385741764.262765 0 5.951968 0.540000 0.391429 0.050834 0.396924 0.231129 0.012086 0.059729 0.026667 0.376432 -0.105005
1385741764.294923 0 5.868924 0.540000 0.391429 0.035800 0.397019 0.236056 0.013610 0.061267 0.028052 0.389897 -0.105810
1385741764.330746 0 5.877927 0.540000 0.391429 0.020598 0.395517 0.240876 0.014520 0.062610 0.028348 0.403933 -0.106978
1385741764.362806 0 5.885012 0.540000 0.391429 0.004983 0.393647 0.243169 0.014012 0.064126 0.028242 0.418259 -0.109628
1385741764.394928 0 5.842643 0.540000 0.391429 -0.010338 0.392920 0.249199 0.009064 0.063976 0.028305 0.431118 -0.112934
1385741764.430943 0 5.766765 0.540000 0.391429 -0.027114 0.393164 0.255127 0.012434 0.064479 0.030165 0.445946 -0.113952
1385741764.462680 0 5.762413 0.540000 0.391429 -0.043572 0.391285 0.255245 0.012457 0.066881 0.030136 0.461543 -0.116496
1385741764.498778 0 5.768610 0.540000 0.391429 -0.059133 0.390011 0.255734 0.015444 0.069825 0.030834 0.475567 -0.120651
1385741764.530640 0 5.643487 0.540000 0.391429 -0.073912 0.387783 0.257666 0.018762 0.072095 0.030755 0.487788 -0.124851
1385741764.562746 0 5.604000 0.540000 0.391429 -0.086806 0.384581 0.258669 0.019448 0.075062 0.029028 0.499903 -0.127147
